<?xml version="1.0" encoding="UTF-8"?>
<testng-results ignored="0" total="1" passed="1" failed="0" skipped="0">
  <reporter-output>
  </reporter-output>
  <suite started-at="2024-08-08T18:20:49 IST" name="Default suite" finished-at="2024-08-08T18:20:51 IST" duration-ms="2399">
    <groups>
    </groups>
    <test started-at="2024-08-08T18:20:49 IST" name="Default test" finished-at="2024-08-08T18:20:51 IST" duration-ms="2399">
      <class name="Ques_2.Ques_2">
        <test-method is-config="true" signature="beforeSuite()[pri:0, instance:Ques_2.Ques_2@6cb107fd]" started-at="2024-08-08T18:20:47 IST" name="beforeSuite" finished-at="2024-08-08T18:20:49 IST" duration-ms="1767" status="PASS">
          <reporter-output>
          </reporter-output>
        </test-method> <!-- beforeSuite -->
        <test-method is-config="true" signature="beforclass()[pri:0, instance:Ques_2.Ques_2@6cb107fd]" started-at="2024-08-08T18:20:49 IST" name="beforclass" finished-at="2024-08-08T18:20:51 IST" duration-ms="1899" status="PASS">
          <reporter-output>
          </reporter-output>
        </test-method> <!-- beforclass -->
        <test-method signature="f()[pri:0, instance:Ques_2.Ques_2@6cb107fd]" started-at="2024-08-08T18:20:51 IST" name="f" finished-at="2024-08-08T18:20:51 IST" duration-ms="473" status="PASS">
          <reporter-output>
          </reporter-output>
        </test-method> <!-- f -->
        <test-method is-config="true" signature="afterSuite()[pri:0, instance:Ques_2.Ques_2@6cb107fd]" started-at="2024-08-08T18:20:51 IST" name="afterSuite" finished-at="2024-08-08T18:20:51 IST" duration-ms="154" status="PASS">
          <reporter-output>
          </reporter-output>
        </test-method> <!-- afterSuite -->
      </class> <!-- Ques_2.Ques_2 -->
    </test> <!-- Default test -->
  </suite> <!-- Default suite -->
</testng-results>
